2026-04-27 23:27:55,402 - INFO - Initialisation du détecteur YOLO...
2026-04-27 23:32:28,719 - INFO - Initialisation du détecteur YOLO...
2026-04-27 23:34:01,883 - INFO - Initialisation du détecteur YOLO...
2026-04-27 23:34:02,579 - INFO - Modèle YOLO chargé depuis /home/rosly/Documents/AIMS/Review-B1/Computer-Vison/object_detection/object_detection/yolo11n_finetuned.pt
2026-04-27 23:34:02,580 - INFO - Initialisation du tracker SORT...
2026-04-27 23:34:02,581 - INFO - Traitement de la vidéo: data/fecc9a75-f0ac-49bc-8e48-02e71bef2cd7-0.mp4
2026-04-27 23:34:02,693 - INFO - Logging detections to logs/fecc9a75-f0ac-49bc-8e48-02e71bef2cd7-0_20260427_233402.json
2026-04-27 23:34:02,694 - INFO - Processing 375 frames...
2026-04-27 23:36:17,306 - INFO - Initialisation du détecteur YOLO...
2026-04-27 23:36:18,068 - INFO - Modèle YOLO chargé depuis /home/rosly/Documents/AIMS/Review-B1/Computer-Vison/object_detection/object_detection/yolo11n_finetuned.pt
2026-04-27 23:36:18,071 - INFO - Initialisation du tracker SORT...
2026-04-27 23:36:18,076 - INFO - Traitement de la vidéo: data/fecc9a75-f0ac-49bc-8e48-02e71bef2cd7-0.mp4
2026-04-27 23:36:18,139 - INFO - Logging detections to logs/fecc9a75-f0ac-49bc-8e48-02e71bef2cd7-0_20260427_233618.json
2026-04-27 23:36:18,140 - INFO - Processing 375 frames...
2026-04-27 23:41:09,947 - INFO - Initialisation du détecteur YOLO...
2026-04-27 23:41:10,549 - INFO - Modèle YOLO chargé depuis /home/rosly/Documents/AIMS/Review-B1/Computer-Vison/object_detection/object_detection/yolo11n_finetuned.pt
2026-04-27 23:41:10,550 - INFO - Initialisation du tracker SORT...
2026-04-27 23:41:10,550 - INFO - Traitement de la vidéo: data/fecc9a75-f0ac-49bc-8e48-02e71bef2cd7-0.mp4
2026-04-27 23:41:10,599 - INFO - Logging detections to logs/fecc9a75-f0ac-49bc-8e48-02e71bef2cd7-0_20260427_234110.json
2026-04-27 23:41:10,601 - INFO - Processing 375 frames...
2026-04-28 00:09:15,586 - INFO - Saved 366 records to logs/fecc9a75-f0ac-49bc-8e48-02e71bef2cd7-0_20260427_234110.json
2026-04-28 00:09:15,596 - INFO - Output saved to outputs/fecc9a75_finetuned.avi
2026-04-28 00:09:15,598 - INFO - Traitement terminé!
2026-04-28 00:09:15,598 - INFO - Statistiques: {'unique_counts': {'traffic sign': 8, 'car': 6}, 'total_frames': 375}
